{"level":"error","format":{"clientMessage":"Error: user already exists with id 314130","httpCode":400}}
{"level":"error"}
{"level":"error"}
{"level":"error","format":{"clientMessage":"Error: user already exists with id 314130","httpCode":400}}
{"level":"error","format":{"clientMessage":"Error \"payload.name\" with value \"___\" fails to match the required pattern: /^[a-z]+[_]?[a-z]*$/","httpCode":400}}
{"level":"error"}
{"level":"error"}
{"level":"error"}
{"level":"error"}
{"level":"error"}
{"level":"error"}
{"format":{},"level":"error"}
{"format":{},"level":"error"}
{"level":"error"}
{"level":"error","timestamp":"2021-02-24T21:38:04.004Z"}
{"clientMessage":"Error \"payload.name\" with value \"___\" fails to match the required pattern: /^[a-z]+[_]?[a-z]*$/","httpCode":400,"level":"error","timestamp":"2021-02-24T21:38:46.144Z"}
{"clientMessage":"Error \"payload.name\" with value \"___\" fails to match the required pattern: /^[a-z]+[_]?[a-z]*$/","httpCode":400,"level":"error","timestamp":"2021-02-24T21:39:23.677Z"}
{"clientMessage":"Error: user already exists with id 314112330","httpCode":400,"level":"error","timestamp":"2021-02-24T21:39:31.660Z"}
{"level":"info","timestamp":"2021-02-24T21:40:41.855Z"}
{"level":"info","timestamp":"2021-02-24T21:40:42.408Z"}
{"level":"error","timestamp":"2021-02-24T21:43:53.478Z"}
{"level":"error","timestamp":"2021-02-24T21:43:53.685Z"}
{"message":{},"level":"error","timestamp":"2021-02-24T21:44:14.589Z"}
{"message":{},"level":"error","timestamp":"2021-02-24T21:44:14.951Z"}
{"message":{"clientMessage":"Error: user already exists with id 314112330","httpCode":400},"level":"error","timestamp":"2021-02-24T21:45:07.861Z"}
{"message":{"clientMessage":"Error: unknown command UserAd1d","httpCode":500},"level":"error","timestamp":"2021-02-24T21:53:10.114Z"}
{"message":{"clientMessage":"Error: unknown command UserAd1d","httpCode":500},"level":"error","timestamp":"2021-02-24T21:53:43.003Z"}
{"message":{"clientMessage":"Error: unknown command UserAd1d","httpCode":500},"level":"error","timestamp":"2021-02-24T21:53:47.429Z"}
{"message":{"clientMessage":"Error: unknown command UserAd1d","httpCode":500},"level":"error","timestamp":"2021-02-24T21:54:16.831Z"}
{"message":{"clientMessage":"Error: unknown command UserAd1d","httpCode":500},"level":"error","timestamp":"2021-02-24T21:54:33.767Z"}
{"message":{"clientMessage":"Error: unknown command UserAd1d","httpCode":500},"level":"error","timestamp":"2021-02-24T21:54:35.701Z"}
